Using pre-set license
Built from '2022.3/staging' branch; Version is '2022.3.6f1 (b9e6e7e9fa2d) revision 12183271'; Using compiler version '192829333'; Build Type 'Release'
OS: 'Windows 11  (10.0.22631) 64bit Professional' Language: 'es' Physical Memory: 32043 MB
BatchMode: 1, IsHumanControllingUs: 0, StartBugReporterOnCrash: 0, Is64bit: 1, IsPro: 1

COMMAND LINE ARGUMENTS:
C:\Program Files\Unity\Hub\Editor\2022.3.6f1\Editor\Unity.exe
-adb2
-batchMode
-noUpm
-name
AssetImportWorker2
-projectPath
C:/Users/PC2-Alumno 12/Documents/GitHub/Rango/RangoMidSem
-logFile
Logs/AssetImportWorker2.log
-srvPort
61158
Successfully changed project path to: C:/Users/PC2-Alumno 12/Documents/GitHub/Rango/RangoMidSem
C:/Users/PC2-Alumno 12/Documents/GitHub/Rango/RangoMidSem
[UnityMemory] Configuration Parameters - Can be set up in boot.config
    "memorysetup-bucket-allocator-granularity=16"
    "memorysetup-bucket-allocator-bucket-count=8"
    "memorysetup-bucket-allocator-block-size=33554432"
    "memorysetup-bucket-allocator-block-count=8"
    "memorysetup-main-allocator-block-size=16777216"
    "memorysetup-thread-allocator-block-size=16777216"
    "memorysetup-gfx-main-allocator-block-size=16777216"
    "memorysetup-gfx-thread-allocator-block-size=16777216"
    "memorysetup-cache-allocator-block-size=4194304"
    "memorysetup-typetree-allocator-block-size=2097152"
    "memorysetup-profiler-bucket-allocator-granularity=16"
    "memorysetup-profiler-bucket-allocator-bucket-count=8"
    "memorysetup-profiler-bucket-allocator-block-size=33554432"
    "memorysetup-profiler-bucket-allocator-block-count=8"
    "memorysetup-profiler-allocator-block-size=16777216"
    "memorysetup-profiler-editor-allocator-block-size=1048576"
    "memorysetup-temp-allocator-size-main=16777216"
    "memorysetup-job-temp-allocator-block-size=2097152"
    "memorysetup-job-temp-allocator-block-size-background=1048576"
    "memorysetup-job-temp-allocator-reduction-small-platforms=262144"
    "memorysetup-allocator-temp-initial-block-size-main=262144"
    "memorysetup-allocator-temp-initial-block-size-worker=262144"
    "memorysetup-temp-allocator-size-background-worker=32768"
    "memorysetup-temp-allocator-size-job-worker=262144"
    "memorysetup-temp-allocator-size-preload-manager=33554432"
    "memorysetup-temp-allocator-size-nav-mesh-worker=65536"
    "memorysetup-temp-allocator-size-audio-worker=65536"
    "memorysetup-temp-allocator-size-cloud-worker=32768"
    "memorysetup-temp-allocator-size-gi-baking-worker=262144"
    "memorysetup-temp-allocator-size-gfx=262144"
Player connection [15868] Host "[IP] 172.16.30.188 [Port] 0 [Flags] 2 [Guid] 2103530957 [EditorId] 2103530957 [Version] 1048832 [Id] WindowsEditor(7,DESKTOP-OD2O1BQ) [Debug] 1 [PackageName] WindowsEditor [ProjectName] Editor" joined multi-casting on [225.0.0.222:54997]...

Player connection [15868] Host "[IP] 172.16.30.188 [Port] 0 [Flags] 2 [Guid] 2103530957 [EditorId] 2103530957 [Version] 1048832 [Id] WindowsEditor(7,DESKTOP-OD2O1BQ) [Debug] 1 [PackageName] WindowsEditor [ProjectName] Editor" joined alternative multi-casting on [225.0.0.222:34997]...

Refreshing native plugins compatible for Editor in 8.85 ms, found 3 plugins.
Preloading 0 native plugins for Editor in 0.00 ms.
Initialize engine version: 2022.3.6f1 (b9e6e7e9fa2d)
[Subsystems] Discovering subsystems at path C:/Program Files/Unity/Hub/Editor/2022.3.6f1/Editor/Data/Resources/UnitySubsystems
[Subsystems] Discovering subsystems at path C:/Users/PC2-Alumno 12/Documents/GitHub/Rango/RangoMidSem/Assets
GfxDevice: creating device client; threaded=0; jobified=0
Direct3D:
    Version:  Direct3D 11.0 [level 11.1]
    Renderer: AMD Radeon(TM) Graphics (ID=0x1638)
    Vendor:   ATI
    VRAM:     16021 MB
    Driver:   31.0.12042.4
Initialize mono
Mono path[0] = 'C:/Program Files/Unity/Hub/Editor/2022.3.6f1/Editor/Data/Managed'
Mono path[1] = 'C:/Program Files/Unity/Hub/Editor/2022.3.6f1/Editor/Data/MonoBleedingEdge/lib/mono/unityjit-win32'
Mono config path = 'C:/Program Files/Unity/Hub/Editor/2022.3.6f1/Editor/Data/MonoBleedingEdge/etc'
Using monoOptions --debugger-agent=transport=dt_socket,embedding=1,server=y,suspend=n,address=127.0.0.1:56108
Begin MonoManager ReloadAssembly
Registering precompiled unity dll's ...
Register platform support module: C:/Program Files/Unity/Hub/Editor/2022.3.6f1/Editor/Data/PlaybackEngines/WebGLSupport/UnityEditor.WebGL.Extensions.dll
Register platform support module: C:/Program Files/Unity/Hub/Editor/2022.3.6f1/Editor/Data/PlaybackEngines/AndroidPlayer/UnityEditor.Android.Extensions.dll
Register platform support module: C:/Program Files/Unity/Hub/Editor/2022.3.6f1/Editor/Data/PlaybackEngines/WindowsStandaloneSupport/UnityEditor.WindowsStandalone.Extensions.dll
Registered in 0.006843 seconds.
- Loaded All Assemblies, in  0.421 seconds
Native extension for WindowsStandalone target not found
Native extension for Android target not found
Android Extension - Scanning For ADB Devices 334 ms
Native extension for WebGL target not found
Mono: successfully reloaded assembly
- Finished resetting the current domain, in  0.756 seconds
Domain Reload Profiling: 1176ms
	BeginReloadAssembly (104ms)
		ExecutionOrderSort (0ms)
		DisableScriptedObjects (0ms)
		BackupInstance (0ms)
		ReleaseScriptingObjects (0ms)
		CreateAndSetChildDomain (1ms)
	RebuildCommonClasses (34ms)
	RebuildNativeTypeToScriptingClass (9ms)
	initialDomainReloadingComplete (70ms)
	LoadAllAssembliesAndSetupDomain (201ms)
		LoadAssemblies (102ms)
		RebuildTransferFunctionScriptingTraits (0ms)
		AnalyzeDomain (193ms)
			TypeCache.Refresh (192ms)
				TypeCache.ScanAssembly (168ms)
			ScanForSourceGeneratedMonoScriptInfo (1ms)
			ResolveRequiredComponents (1ms)
	FinalizeReload (757ms)
		ReleaseScriptCaches (0ms)
		RebuildScriptCaches (0ms)
		SetupLoadedEditorAssemblies (689ms)
			LogAssemblyErrors (0ms)
			InitializePlatformSupportModulesInManaged (476ms)
			SetLoadedEditorAssemblies (8ms)
			RefreshPlugins (0ms)
			BeforeProcessingInitializeOnLoad (2ms)
			ProcessInitializeOnLoadAttributes (148ms)
			ProcessInitializeOnLoadMethodAttributes (54ms)
			AfterProcessingInitializeOnLoad (0ms)
			EditorAssembliesLoaded (0ms)
		ExecutionOrderSort2 (0ms)
		AwakeInstancesAfterBackupRestoration (0ms)
========================================================================
Worker process is ready to serve import requests
Begin MonoManager ReloadAssembly
- Loaded All Assemblies, in  0.986 seconds
Refreshing native plugins compatible for Editor in 3.17 ms, found 3 plugins.
Native extension for WindowsStandalone target not found
Native extension for Android target not found
Native extension for WebGL target not found
Package Manager log level set to [2]
[Package Manager] Server::EnsureServerProcessIsRunning -- launch failed, reason: Unity was launched with the -noUpm command-line argument
[Package Manager] UpmClient::Send -- Unable to send message (not connected to UPM process).
[Package Manager] Cannot connect to Unity Package Manager local server
Mono: successfully reloaded assembly
- Finished resetting the current domain, in  0.639 seconds
Domain Reload Profiling: 1622ms
	BeginReloadAssembly (212ms)
		ExecutionOrderSort (0ms)
		DisableScriptedObjects (6ms)
		BackupInstance (0ms)
		ReleaseScriptingObjects (0ms)
		CreateAndSetChildDomain (39ms)
	RebuildCommonClasses (46ms)
	RebuildNativeTypeToScriptingClass (9ms)
	initialDomainReloadingComplete (47ms)
	LoadAllAssembliesAndSetupDomain (669ms)
		LoadAssemblies (428ms)
		RebuildTransferFunctionScriptingTraits (0ms)
		AnalyzeDomain (358ms)
			TypeCache.Refresh (327ms)
				TypeCache.ScanAssembly (307ms)
			ScanForSourceGeneratedMonoScriptInfo (24ms)
			ResolveRequiredComponents (7ms)
	FinalizeReload (640ms)
		ReleaseScriptCaches (0ms)
		RebuildScriptCaches (0ms)
		SetupLoadedEditorAssemblies (465ms)
			LogAssemblyErrors (0ms)
			InitializePlatformSupportModulesInManaged (25ms)
			SetLoadedEditorAssemblies (4ms)
			RefreshPlugins (0ms)
			BeforeProcessingInitializeOnLoad (103ms)
			ProcessInitializeOnLoadAttributes (302ms)
			ProcessInitializeOnLoadMethodAttributes (23ms)
			AfterProcessingInitializeOnLoad (7ms)
			EditorAssembliesLoaded (0ms)
		ExecutionOrderSort2 (0ms)
		AwakeInstancesAfterBackupRestoration (9ms)
Launched and connected shader compiler UnityShaderCompiler.exe after 0.06 seconds
Refreshing native plugins compatible for Editor in 3.72 ms, found 3 plugins.
Preloading 0 native plugins for Editor in 0.00 ms.
Unloading 3353 Unused Serialized files (Serialized files now loaded: 0)
Unloading 41 unused Assets / (58.9 KB). Loaded Objects now: 3814.
Memory consumption went from 132.4 MB to 132.3 MB.
Total: 8.150900 ms (FindLiveObjects: 0.850100 ms CreateObjectMapping: 0.630400 ms MarkObjects: 6.184600 ms  DeleteObjects: 0.482600 ms)

AssetImportParameters requested are different than current active one (requested -> active):
  custom:container-demuxer-ogg: 62fdf1f143b41e24485cea50d1cbac27 -> 
  custom:video-decoder-ogg-theora: a1e56fd34408186e4bbccfd4996cb3dc -> 
  custom:framework-win-MediaFoundation: 216162199b28c13a410421893ffa2e32 -> 
  custom:CustomObjectIndexerAttribute: 756ad292c208cfabdd7b50bc23989ffe -> 
  custom:container-demuxer-webm: 4f35f7cbe854078d1ac9338744f61a02 -> 
  custom:container-muxer-webm: aa71ff27fc2769a1b78a27578f13a17b -> 
  custom:video-decoder-webm-vp8: 9c59270c3fd7afecdb556c50c9e8de78 -> 
  custom:SearchIndexIgnoredProperties: e643bd26f0fe6173181afceb89e7c659 -> 
  custom:AudioImporter_EditorPlatform: d09bf68614088b80899f8185d706f6e7 -> 
  custom:video-encoder-webm-vp8: eb34c28f22e8b96e1ab97ce403110664 -> 
  custom:audio-decoder-ogg-vorbis: bf7c407c2cedff20999df2af8eb42d56 -> 
  custom:audio-encoder-webm-vorbis: bf7c407c2cedff20999df2af8eb42d56 -> 
========================================================================
Received Import Request.
  Time since last request: 452794.597223 seconds.
  path: Assets/Sherbbs Particle Collection/Particles/Atmosphere/FireFlies.prefab
  artifactKey: Guid(0b28d04bc9a122543ae0f12a59c00b20) Importer(815301076,1909f56bfc062723c751e8b465ee728b)
Start importing Assets/Sherbbs Particle Collection/Particles/Atmosphere/FireFlies.prefab using Guid(0b28d04bc9a122543ae0f12a59c00b20) Importer(815301076,1909f56bfc062723c751e8b465ee728b)  -> (artifact id: 'd36b067f7d45e9518354b7ffeb1d07c5') in 0.119260 seconds
Number of updated asset objects reloaded before import = 0
Number of asset objects unloaded after import = 8
========================================================================
Received Import Request.
  Time since last request: 0.000085 seconds.
  path: Assets/Sherbbs Particle Collection/Particles/Atmosphere/Ground Embers.prefab
  artifactKey: Guid(cf9be061d575df6418c98c2c5ebde13d) Importer(815301076,1909f56bfc062723c751e8b465ee728b)
Start importing Assets/Sherbbs Particle Collection/Particles/Atmosphere/Ground Embers.prefab using Guid(cf9be061d575df6418c98c2c5ebde13d) Importer(815301076,1909f56bfc062723c751e8b465ee728b)  -> (artifact id: '46fe42a84ffdd4a4c82984daaff60c64') in 0.026105 seconds
Number of updated asset objects reloaded before import = 0
Number of asset objects unloaded after import = 8
========================================================================
Received Import Request.
  Time since last request: 0.000042 seconds.
  path: Assets/Sherbbs Particle Collection/Particles/Atmosphere/Rain (Collision).prefab
  artifactKey: Guid(8407edd9f34fd6a458da5ab5802b803c) Importer(815301076,1909f56bfc062723c751e8b465ee728b)
Start importing Assets/Sherbbs Particle Collection/Particles/Atmosphere/Rain (Collision).prefab using Guid(8407edd9f34fd6a458da5ab5802b803c) Importer(815301076,1909f56bfc062723c751e8b465ee728b)  -> (artifact id: 'd888390748de4fdcd44032680dbb4e73') in 5.143766 seconds
Number of updated asset objects reloaded before import = 0
Number of asset objects unloaded after import = 12
========================================================================
Received Import Request.
  Time since last request: 130.488907 seconds.
  path: Assets/Sherbbs Particle Collection/Materials/VertexUnlitDiffuseCircle.mat
  artifactKey: Guid(da51c40235f7fcc47812a1e6f2c6df0a) Importer(815301076,1909f56bfc062723c751e8b465ee728b)
Start importing Assets/Sherbbs Particle Collection/Materials/VertexUnlitDiffuseCircle.mat using Guid(da51c40235f7fcc47812a1e6f2c6df0a) Importer(815301076,1909f56bfc062723c751e8b465ee728b)  -> (artifact id: 'd8675afe597e7684b0bedf9fba579d33') in 0.020072 seconds
Number of updated asset objects reloaded before import = 0
Number of asset objects unloaded after import = 2
========================================================================
Received Import Request.
  Time since last request: 4.643220 seconds.
  path: Assets/Sherbbs Particle Collection/Materials/DarkSkybox.mat
  artifactKey: Guid(d56b341fb6cba0e4f96669e4995bcbe6) Importer(815301076,1909f56bfc062723c751e8b465ee728b)
Start importing Assets/Sherbbs Particle Collection/Materials/DarkSkybox.mat using Guid(d56b341fb6cba0e4f96669e4995bcbe6) Importer(815301076,1909f56bfc062723c751e8b465ee728b)  -> (artifact id: 'e48a13ba8ffc329e8143b8ae35895b9e') in 0.242124 seconds
Number of updated asset objects reloaded before import = 0
Number of asset objects unloaded after import = 1
========================================================================
Received Import Request.
  Time since last request: 0.000018 seconds.
  path: Assets/Sherbbs Particle Collection/Materials/VertexUnlitGlowFadeMask.mat
  artifactKey: Guid(76e54cc656308994e91600f1560448af) Importer(815301076,1909f56bfc062723c751e8b465ee728b)
Start importing Assets/Sherbbs Particle Collection/Materials/VertexUnlitGlowFadeMask.mat using Guid(76e54cc656308994e91600f1560448af) Importer(815301076,1909f56bfc062723c751e8b465ee728b)  -> (artifact id: 'a2ec84bd83869cfa48d820c5c797444b') in 0.064978 seconds
Number of updated asset objects reloaded before import = 0
Number of asset objects unloaded after import = 2
========================================================================
Received Import Request.
  Time since last request: 0.000056 seconds.
  path: Assets/Sherbbs Particle Collection/Materials/VertexUnlitGlowCircleAdditive.mat
  artifactKey: Guid(3f67cc901b0eaf54e87f5746514dc25d) Importer(815301076,1909f56bfc062723c751e8b465ee728b)
Start importing Assets/Sherbbs Particle Collection/Materials/VertexUnlitGlowCircleAdditive.mat using Guid(3f67cc901b0eaf54e87f5746514dc25d) Importer(815301076,1909f56bfc062723c751e8b465ee728b)  -> (artifact id: 'db135a397206d3d8904c367cdd0f5afa') in 0.077184 seconds
Number of updated asset objects reloaded before import = 0
Number of asset objects unloaded after import = 2
========================================================================
Received Import Request.
  Time since last request: 0.000016 seconds.
  path: Assets/Sherbbs Particle Collection/Materials/VertexUnlitGlowHollowCircle.mat
  artifactKey: Guid(866bb9aa040051c42b608f04088acc81) Importer(815301076,1909f56bfc062723c751e8b465ee728b)
Start importing Assets/Sherbbs Particle Collection/Materials/VertexUnlitGlowHollowCircle.mat using Guid(866bb9aa040051c42b608f04088acc81) Importer(815301076,1909f56bfc062723c751e8b465ee728b)  -> (artifact id: '45d69f5a5217feff13b6ec70951e22a6') in 0.005792 seconds
Number of updated asset objects reloaded before import = 0
Number of asset objects unloaded after import = 2
========================================================================
Received Import Request.
  Time since last request: 1.792861 seconds.
  path: Assets/Sherbbs Particle Collection/Mesh/icoBig.fbx
  artifactKey: Guid(dbd50e397db24b74987379564969ef93) Importer(815301076,1909f56bfc062723c751e8b465ee728b)
Start importing Assets/Sherbbs Particle Collection/Mesh/icoBig.fbx using Guid(dbd50e397db24b74987379564969ef93) Importer(815301076,1909f56bfc062723c751e8b465ee728b)  -> (artifact id: 'eb42110da789d6e4b6ca68c14bcde4e6') in 0.043214 seconds
Number of updated asset objects reloaded before import = 0
Number of asset objects unloaded after import = 7
========================================================================
Received Import Request.
  Time since last request: 0.000031 seconds.
  path: Assets/Sherbbs Particle Collection/Mesh/WireIco.fbx
  artifactKey: Guid(d19d519526fe1c44e9df4e7a1b5d97cc) Importer(815301076,1909f56bfc062723c751e8b465ee728b)
Start importing Assets/Sherbbs Particle Collection/Mesh/WireIco.fbx using Guid(d19d519526fe1c44e9df4e7a1b5d97cc) Importer(815301076,1909f56bfc062723c751e8b465ee728b)  -> (artifact id: 'ba79564f02b0f1d02efb871353926a11') in 0.011910 seconds
Number of updated asset objects reloaded before import = 0
Number of asset objects unloaded after import = 7
========================================================================
Received Import Request.
  Time since last request: 7.574645 seconds.
  path: Assets/Sherbbs Particle Collection/Particles/Normal/BasicSpark.prefab
  artifactKey: Guid(f34d53a9f8cd409428b8d1e3addf4807) Importer(815301076,1909f56bfc062723c751e8b465ee728b)
Start importing Assets/Sherbbs Particle Collection/Particles/Normal/BasicSpark.prefab using Guid(f34d53a9f8cd409428b8d1e3addf4807) Importer(815301076,1909f56bfc062723c751e8b465ee728b)  -> (artifact id: '61ff28088504ffca6652d5df84974101') in 0.011338 seconds
Number of updated asset objects reloaded before import = 0
Number of asset objects unloaded after import = 21
========================================================================
Received Import Request.
  Time since last request: 0.000027 seconds.
  path: Assets/Sherbbs Particle Collection/Particles/Normal/BirthdaySpark.prefab
  artifactKey: Guid(028315ff90f3b77478f6282592e23c74) Importer(815301076,1909f56bfc062723c751e8b465ee728b)
Start importing Assets/Sherbbs Particle Collection/Particles/Normal/BirthdaySpark.prefab using Guid(028315ff90f3b77478f6282592e23c74) Importer(815301076,1909f56bfc062723c751e8b465ee728b)  -> (artifact id: '7a9c8976f754709cc928e6b1ff880f7c') in 0.008858 seconds
Number of updated asset objects reloaded before import = 0
Number of asset objects unloaded after import = 25
========================================================================
Received Import Request.
  Time since last request: 0.000012 seconds.
  path: Assets/Sherbbs Particle Collection/Particles/Normal/EtherealHit.prefab
  artifactKey: Guid(6b37cd66c053f5c438d7a6854a9ee401) Importer(815301076,1909f56bfc062723c751e8b465ee728b)
Start importing Assets/Sherbbs Particle Collection/Particles/Normal/EtherealHit.prefab using Guid(6b37cd66c053f5c438d7a6854a9ee401) Importer(815301076,1909f56bfc062723c751e8b465ee728b)  -> (artifact id: 'c4eb8eb9c0d0eaa162ee8ae3ab53b824') in 0.008904 seconds
Number of updated asset objects reloaded before import = 0
Number of asset objects unloaded after import = 23
========================================================================
Received Import Request.
  Time since last request: 0.000015 seconds.
  path: Assets/Sherbbs Particle Collection/Particles/Normal/Tris Spark 2.prefab
  artifactKey: Guid(05bc110473df9574f8a94afc5484e1b0) Importer(815301076,1909f56bfc062723c751e8b465ee728b)
Start importing Assets/Sherbbs Particle Collection/Particles/Normal/Tris Spark 2.prefab using Guid(05bc110473df9574f8a94afc5484e1b0) Importer(815301076,1909f56bfc062723c751e8b465ee728b)  -> (artifact id: '97e9d40fdfe7ff8699e1df5491c7ef3a') in 0.048587 seconds
Number of updated asset objects reloaded before import = 0
Number of asset objects unloaded after import = 30
========================================================================
Received Import Request.
  Time since last request: 0.000018 seconds.
  path: Assets/Sherbbs Particle Collection/Particles/Normal/SmokeyExplosion.prefab
  artifactKey: Guid(abf8d5b763621654486813c5c8af8234) Importer(815301076,1909f56bfc062723c751e8b465ee728b)
Start importing Assets/Sherbbs Particle Collection/Particles/Normal/SmokeyExplosion.prefab using Guid(abf8d5b763621654486813c5c8af8234) Importer(815301076,1909f56bfc062723c751e8b465ee728b)  -> (artifact id: '35d302040bfa9c613513eca9e8bdf8df') in 0.060426 seconds
Number of updated asset objects reloaded before import = 0
Number of asset objects unloaded after import = 50
========================================================================
Received Import Request.
  Time since last request: 0.000027 seconds.
  path: Assets/Sherbbs Particle Collection/Particles/Normal/SmokeyExplosion 2.prefab
  artifactKey: Guid(77da29788f3010e4396994ea52057980) Importer(815301076,1909f56bfc062723c751e8b465ee728b)
Start importing Assets/Sherbbs Particle Collection/Particles/Normal/SmokeyExplosion 2.prefab using Guid(77da29788f3010e4396994ea52057980) Importer(815301076,1909f56bfc062723c751e8b465ee728b)  -> (artifact id: 'c46cdfa90ea16a3eb20887da9785a456') in 0.016136 seconds
Number of updated asset objects reloaded before import = 0
Number of asset objects unloaded after import = 59
Editor requested this worker to shutdown with reason: Scaling down because of idle timeout
TcpMessagingSession - receive error: operation aborted. errorcode: 995, details: La operación de E/S se anuló por una salida de subproceso o por una solicitud de aplicación.
AssetImportWorker is now disconnected from the server
Process exiting
Exiting without the bug reporter. Application will terminate with return code 0